2014-05-30 00:09:41,373 --------------------------------------------------------------------------------
2014-05-30 00:09:41,380 Working directory:
2014-05-30 00:09:41,383   /
2014-05-30 00:09:41,386    tmp/
2014-05-30 00:09:41,390     dispcalGUI-U8PTtL/
2014-05-30 00:09:41,392 
2014-05-30 00:09:41,395 Command line:
2014-05-30 00:09:41,398   viewgam
2014-05-30 00:09:41,401     -cw
2014-05-30 00:09:41,404     -t.75
2014-05-30 00:09:41,407     -s
2014-05-30 00:09:41,410     /usr/share/dispcalGUI/ref/sRGB.gam
2014-05-30 00:09:41,413     -cn
2014-05-30 00:09:41,415     -t.25
2014-05-30 00:09:41,418     -s
2014-05-30 00:09:41,421     "M101NWT2 2014-05-29 2.2 S 1xCurve+MTX.gam"
2014-05-30 00:09:41,424     -i
2014-05-30 00:09:41,428     "M101NWT2 2014-05-29 2.2 S 1xCurve+MTX vs sRGB.wrl"
2014-05-30 00:09:41,431 
2014-05-30 00:09:50,015 Intersecting volume = 507359.0 cubic units
2014-05-30 00:09:50,017 '/usr/share/dispcalGUI/ref/sRGB.gam' volume = 833675.1 cubic units, intersect = 60.86%
2014-05-30 00:09:50,018 'M101NWT2 2014-05-29 2.2 S 1xCurve+MTX.gam' volume = 507358.9 cubic units, intersect = 100.00%
