2014-05-30 00:00:39,254   0%
2014-05-30 00:00:59,686   1%
2014-05-30 00:01:26,755   2%
2014-05-30 00:01:33,618   4%
2014-05-30 00:01:40,826   5%
2014-05-30 00:01:47,450   7%
2014-05-30 00:02:09,053   9%
2014-05-30 00:02:15,790  10%
2014-05-30 00:02:30,034  11%
2014-05-30 00:02:38,071  15%
2014-05-30 00:02:45,890  16%
2014-05-30 00:02:53,440  19%
2014-05-30 00:03:01,457  21%
2014-05-30 00:03:25,543  24%
2014-05-30 00:03:32,995  26%
2014-05-30 00:05:17,854  31%
2014-05-30 00:05:26,304  33%
2014-05-30 00:05:34,113  39%
2014-05-30 00:06:14,331  42%
2014-05-30 00:06:40,153  43%
2014-05-30 00:06:48,982  48%
2014-05-30 00:07:04,896  50%
2014-05-30 00:07:37,961  60%
2014-05-30 00:07:46,477  91%
2014-05-30 00:09:33,984  99%
2014-05-30 00:09:33,987  100%
2014-05-30 00:09:33,994 Matrix = 0.395884 0.453355 0.203500
2014-05-30 00:09:34,004          0.212358 0.667139 0.127978
2014-05-30 00:09:34,007          0.051859 0.127088 0.730379
2014-05-30 00:09:34,011 Input offset  = 0.048999
2014-05-30 00:09:34,014 Output offset = 0.016314
2014-05-30 00:09:34,017 gamma = 2.482029
2014-05-30 00:09:34,021 1 harmonics = -0.050440
2014-05-30 00:09:34,025 2 harmonics = 0.111795
2014-05-30 00:09:34,028 3 harmonics = -0.054490
2014-05-30 00:09:34,032 4 harmonics = 0.081156
2014-05-30 00:09:34,036 5 harmonics = 0.012148
2014-05-30 00:09:34,039 6 harmonics = 0.019003
2014-05-30 00:09:34,042 7 harmonics = 0.002063
2014-05-30 00:09:34,046 8 harmonics = 0.012526
2014-05-30 00:09:34,049 9 harmonics = -0.000076
2014-05-30 00:09:34,053 10 harmonics = 0.013512
2014-05-30 00:09:34,056 11 harmonics = -0.006922
2014-05-30 00:09:34,059 Doing White point fine tune:
2014-05-30 00:09:34,063 Before fine tune, rel WP = XYZ 1.052739 1.007475 0.909327, Lab 100.288324 13.615771 -6.105683
2014-05-30 00:09:34,066 After fine tune, rel WP = XYZ 0.964200 1.000000 0.824900, Lab 100.000000 0.000000 0.000000
2014-05-30 00:09:34,070                  abs WP = XYZ 1.051253 1.007189 1.712869, Lab 100.277311 13.420765 -54.677009
2014-05-30 00:09:34,073 Black point XYZ = 0.017658 0.016918 0.028771, Lab = 13.778820 3.437081 -14.002876
2014-05-30 00:09:34,077 Scaling White Point by 0.992862 to make Y = 1.0
2014-05-30 00:09:34,080 Display Luminance = 133.815687
2014-05-30 00:09:34,083 White point XYZ = 1.043749 1.000000 1.700643
2014-05-30 00:09:34,086 Black point XYZ = 0.017532 0.016797 0.028566
2014-05-30 00:09:34,090 Done gamma/shaper and matrix creation
2014-05-30 00:09:34,093 Profile done
2014-05-30 00:09:34,096 Profile check complete, peak err = 24.712753, avg err = 8.944198, RMS = 10.106089
2014-05-30 00:09:34,126 dispcalGUI: Reached EOF (OK)
2014-05-30 00:09:34,129 dispcalGUI: Checking subprocess status
2014-05-30 00:09:34,132 dispcalGUI: Subprocess no longer alive (OK)
2014-05-30 00:09:34,280 dispcalGUI: Applying black point compensation to rTRC
2014-05-30 00:09:34,292 dispcalGUI: Applying black point compensation to gTRC
2014-05-30 00:09:34,296 dispcalGUI: Applying black point compensation to bTRC
2014-05-30 00:09:34,540 --------------------------------------------------------------------------------
2014-05-30 00:09:34,548 Working directory:
2014-05-30 00:09:34,552   /
2014-05-30 00:09:34,555    tmp/
2014-05-30 00:09:34,557     dispcalGUI-U8PTtL/
2014-05-30 00:09:34,560 
2014-05-30 00:09:34,563 Command line:
2014-05-30 00:09:34,566   profcheck
2014-05-30 00:09:34,570     "M101NWT2 2014-05-29 2.2 S 1xCurve+MTX.ti3"
2014-05-30 00:09:34,574     "M101NWT2 2014-05-29 2.2 S 1xCurve+MTX.icc"
2014-05-30 00:09:34,577 
2014-05-30 00:09:34,697 Profile check complete, errors: max. = 30.691881, avg. = 11.577961, RMS = 12.642333
2014-05-30 00:09:35,479 --------------------------------------------------------------------------------
2014-05-30 00:09:35,488 Working directory:
2014-05-30 00:09:35,492   /
2014-05-30 00:09:35,495    tmp/
2014-05-30 00:09:35,498     dispcalGUI-U8PTtL/
2014-05-30 00:09:35,501 
2014-05-30 00:09:35,504 Command line:
2014-05-30 00:09:35,507   iccgamut
2014-05-30 00:09:35,510     -v
2014-05-30 00:09:35,513     -w
2014-05-30 00:09:35,516     -ir
2014-05-30 00:09:35,519     -ff
2014-05-30 00:09:35,522     -on
2014-05-30 00:09:35,525     "M101NWT2 2014-05-29 2.2 S 1xCurve+MTX.icc"
2014-05-30 00:09:35,528 
2014-05-30 00:09:41,341 Header:
2014-05-30 00:09:41,342   size         = 164996 bytes
2014-05-30 00:09:41,343   CMM          = 'argl'
2014-05-30 00:09:41,344   Version      = 2.2.0
2014-05-30 00:09:41,344   Device Class = Display
2014-05-30 00:09:41,345   Color Space  = RGB
2014-05-30 00:09:41,346   Conn. Space  = XYZ
2014-05-30 00:09:41,347   Date, Time   = 29 May 2014, 23:59:15
2014-05-30 00:09:41,347   Platform     = *nix
2014-05-30 00:09:41,348   Flags        = Not Embedded Profile, Use anywhere
2014-05-30 00:09:41,349   Dev. Mnfctr. = 0x0
2014-05-30 00:09:41,350   Dev. Model   = 0x0
2014-05-30 00:09:41,350   Dev. Attrbts = Reflective, Glossy, Positive, Color
2014-05-30 00:09:41,351   Rndrng Intnt = Relative Colorimetric
2014-05-30 00:09:41,352   Illuminant   = 0.964203, 1.000000, 0.824905    [Lab 100.000000, 0.000498, -0.000436]
2014-05-30 00:09:41,353   Creator      = 'argl'
2014-05-30 00:09:41,353 
2014-05-30 00:09:41,354 Total volume of gamut is 507358.887796 cubic colorspace units
