2014-05-30 00:09:50,042 --------------------------------------------------------------------------------
2014-05-30 00:09:50,049 Working directory:
2014-05-30 00:09:50,052   /
2014-05-30 00:09:50,055    tmp/
2014-05-30 00:09:50,058     dispcalGUI-U8PTtL/
2014-05-30 00:09:50,061 
2014-05-30 00:09:50,064 Command line:
2014-05-30 00:09:50,066   viewgam
2014-05-30 00:09:50,070     -cw
2014-05-30 00:09:50,073     -t.75
2014-05-30 00:09:50,076     -s
2014-05-30 00:09:50,079     /usr/share/dispcalGUI/ref/ClayRGB1998.gam
2014-05-30 00:09:50,083     -cn
2014-05-30 00:09:50,086     -t.25
2014-05-30 00:09:50,089     -s
2014-05-30 00:09:50,092     "M101NWT2 2014-05-29 2.2 S 1xCurve+MTX.gam"
2014-05-30 00:09:50,095     -i
2014-05-30 00:09:50,099     "M101NWT2 2014-05-29 2.2 S 1xCurve+MTX vs ClayRGB1998.wrl"
2014-05-30 00:09:50,102 
2014-05-30 00:10:00,759 Intersecting volume = 507359.0 cubic units
2014-05-30 00:10:00,760 '/usr/share/dispcalGUI/ref/ClayRGB1998.gam' volume = 1209985.9 cubic units, intersect = 41.93%
2014-05-30 00:10:00,760 'M101NWT2 2014-05-29 2.2 S 1xCurve+MTX.gam' volume = 507358.9 cubic units, intersect = 100.00%
